<?xml version="1.0" encoding="UTF-8"?>
<!-- Generated by org.testng.reporters.JUnitXMLReporter -->
<testsuite hostname="Joffy" name="CommonMethods" tests="2" failures="1" timestamp="1 Nov 2018 09:20:54 GMT" time="59.168" errors="0">
  <testcase name="@AfterClass close" time="0.0" classname="Test.LoginTestCase">
    <failure type="java.lang.NullPointerException">
      <![CDATA[java.lang.NullPointerException
	at Test.LoginTestCase.close(LoginTestCase.java:57)
... Removed 24 stack frames]]>
    </failure>
  </testcase> <!-- @AfterClass close -->
  <testcase name="openbrowser" time="18.887" classname="Test.CommonMethods"/>
  <testcase name="login" time="5.005" classname="Test.LoginTestCase">
    <failure type="java.lang.NullPointerException">
      <![CDATA[java.lang.NullPointerException
	at org.openqa.selenium.support.pagefactory.DefaultElementLocator.findElement(DefaultElementLocator.java:69)
	at org.openqa.selenium.support.pagefactory.internal.LocatingElementHandler.invoke(LocatingElementHandler.java:38)
	at com.sun.proxy.$Proxy9.sendKeys(Unknown Source)
	at Core.LoginElements.login(LoginElements.java:36)
	at Test.LoginTestCase.login(LoginTestCase.java:47)
... Removed 24 stack frames]]>
    </failure>
  </testcase> <!-- login -->
</testsuite> <!-- CommonMethods -->
